app/build/intermediates/manifest_merge_blame_file/debug/manifest-merger-blame-debug-report.txt
1<?xml version="1.0" encoding="utf-8"?>
2<manifest xmlns:android="http://schemas.android.com/apk/res/android"
3    package="com.ahmfarisi.laundrypalembang"
4    android:versionCode="1"
5    android:versionName="1.0" >
6
7    <uses-sdk
8        android:minSdkVersion="16"
8-->src/main/AndroidManifest.xml
9        android:targetSdkVersion="29" />
9-->src/main/AndroidManifest.xml
10
11    <uses-permission android:name="android.permission.INTERNET" />
11-->src/main/AndroidManifest.xml:5:5-67
11-->src/main/AndroidManifest.xml:5:22-64
12    <uses-permission android:name="android.permission.READ_EXTERNAL_STORAGE" />
12-->src/main/AndroidManifest.xml:6:5-79
12-->src/main/AndroidManifest.xml:6:22-77
13
14    <application
14-->src/main/AndroidManifest.xml:8:5-33:19
15        android:allowBackup="true"
15-->src/main/AndroidManifest.xml:9:9-35
16        android:appComponentFactory="androidx.core.app.CoreComponentFactory"
16-->[androidx.core:core:1.3.0-alpha02] AndroidManifest.xml:24:18-86
17        android:debuggable="true"
18        android:icon="@drawable/icon_app"
18-->src/main/AndroidManifest.xml:10:9-42
19        android:label="@string/app_name"
19-->src/main/AndroidManifest.xml:11:9-41
20        android:roundIcon="@drawable/icon_app"
20-->src/main/AndroidManifest.xml:12:9-47
21        android:supportsRtl="true"
21-->src/main/AndroidManifest.xml:13:9-35
22        android:testOnly="true"
23        android:theme="@style/AppTheme"
23-->src/main/AndroidManifest.xml:14:9-40
24        android:usesCleartextTraffic="true" >
24-->src/main/AndroidManifest.xml:15:9-44
25        <activity android:name="com.ahmfarisi.laundrypalembang.Activity.MainActivity" />
25-->src/main/AndroidManifest.xml:16:9-68
25-->src/main/AndroidManifest.xml:16:19-56
26        <activity
26-->src/main/AndroidManifest.xml:17:9-19:67
27            android:name="com.ahmfarisi.laundrypalembang.Activity.LihatDataNikah"
27-->src/main/AndroidManifest.xml:18:13-52
28            android:parentActivityName="com.ahmfarisi.laundrypalembang.Activity.MainActivity" />
28-->src/main/AndroidManifest.xml:19:13-64
29        <activity
29-->src/main/AndroidManifest.xml:20:9-22:67
30            android:name="com.ahmfarisi.laundrypalembang.Activity.UbahActivity"
30-->src/main/AndroidManifest.xml:21:13-50
31            android:parentActivityName="com.ahmfarisi.laundrypalembang.Activity.MainActivity" />
31-->src/main/AndroidManifest.xml:22:13-64
32        <activity
32-->src/main/AndroidManifest.xml:23:9-25:67
33            android:name="com.ahmfarisi.laundrypalembang.Activity.TambahActivity"
33-->src/main/AndroidManifest.xml:24:13-52
34            android:parentActivityName="com.ahmfarisi.laundrypalembang.Activity.MainActivity" />
34-->src/main/AndroidManifest.xml:25:13-64
35        <activity android:name="com.ahmfarisi.laundrypalembang.Activity.LoginActivity" >
35-->src/main/AndroidManifest.xml:26:9-32:20
35-->src/main/AndroidManifest.xml:26:19-57
36            <intent-filter>
36-->src/main/AndroidManifest.xml:27:13-31:29
37                <action android:name="android.intent.action.MAIN" />
37-->src/main/AndroidManifest.xml:28:17-69
37-->src/main/AndroidManifest.xml:28:25-66
38
39                <category android:name="android.intent.category.LAUNCHER" />
39-->src/main/AndroidManifest.xml:30:17-77
39-->src/main/AndroidManifest.xml:30:27-74
40            </intent-filter>
41        </activity>
42    </application>
43
44</manifest>